Traceback (most recent call last):
  File "/home/inma/anaconda3/lib/python3.8/site-packages/jupyter_cache/executors/utils.py", line 51, in single_nb_execution
    executenb(
  File "/home/inma/anaconda3/lib/python3.8/site-packages/nbclient/client.py", line 1087, in execute
    return NotebookClient(nb=nb, resources=resources, km=km, **kwargs).execute()
  File "/home/inma/anaconda3/lib/python3.8/site-packages/nbclient/util.py", line 74, in wrapped
    return just_run(coro(*args, **kwargs))
  File "/home/inma/anaconda3/lib/python3.8/site-packages/nbclient/util.py", line 53, in just_run
    return loop.run_until_complete(coro)
  File "/home/inma/anaconda3/lib/python3.8/asyncio/base_events.py", line 616, in run_until_complete
    return future.result()
  File "/home/inma/anaconda3/lib/python3.8/site-packages/nbclient/client.py", line 540, in async_execute
    await self.async_execute_cell(
  File "/home/inma/anaconda3/lib/python3.8/site-packages/nbclient/client.py", line 832, in async_execute_cell
    self._check_raise_for_error(cell, exec_reply)
  File "/home/inma/anaconda3/lib/python3.8/site-packages/nbclient/client.py", line 740, in _check_raise_for_error
    raise CellExecutionError.from_cell_and_msg(cell, exec_reply['content'])
nbclient.exceptions.CellExecutionError: An error occurred while executing the following cell:
------------------

#encontrar la mejor k 

best_k=0
best_score=0
neighbors=range(1,10,2)#considerara min_k=1, max_k=25, solo odd numbers 
for k in neighbors:
    knn=KNeighborsClassifier(n_neighbors=k) #instantiante classifier
    knn.fit(X, y )# fit model 
    knn_y_pred= knn.predict(X_test)
    
    #we will consider the optimal k to be the k that produce the highest f1 score
    f1 = metrics.f1_score(y_test, knn_y_pred, pos_label= 0)
    if f1> best_score:
        best_k= k 
        best_score =f1
        

#instantiate the classifier with the optimal k, fir the model and make predictions
knn=  KNeighborsClassifier(n_neighbors=best_k) 
knn.fit(X, y )
knn_y_pred= knn.predict(X_test)


------------------

[0;31m---------------------------------------------------------------------------[0m
[0;31mValueError[0m                                Traceback (most recent call last)
[0;32m<ipython-input-17-0f446da6cc50>[0m in [0;36m<module>[0;34m[0m
[1;32m     10[0m [0;34m[0m[0m
[1;32m     11[0m     [0;31m#we will consider the optimal k to be the k that produce the highest f1 score[0m[0;34m[0m[0;34m[0m[0;34m[0m[0m
[0;32m---> 12[0;31m     [0mf1[0m [0;34m=[0m [0mmetrics[0m[0;34m.[0m[0mf1_score[0m[0;34m([0m[0my_test[0m[0;34m,[0m [0mknn_y_pred[0m[0;34m,[0m [0mpos_label[0m[0;34m=[0m [0;36m0[0m[0;34m)[0m[0;34m[0m[0;34m[0m[0m
[0m[1;32m     13[0m     [0;32mif[0m [0mf1[0m[0;34m>[0m [0mbest_score[0m[0;34m:[0m[0;34m[0m[0;34m[0m[0m
[1;32m     14[0m         [0mbest_k[0m[0;34m=[0m [0mk[0m[0;34m[0m[0;34m[0m[0m

[0;32m~/anaconda3/lib/python3.8/site-packages/sklearn/utils/validation.py[0m in [0;36minner_f[0;34m(*args, **kwargs)[0m
[1;32m     71[0m                           FutureWarning)
[1;32m     72[0m         [0mkwargs[0m[0;34m.[0m[0mupdate[0m[0;34m([0m[0;34m{[0m[0mk[0m[0;34m:[0m [0marg[0m [0;32mfor[0m [0mk[0m[0;34m,[0m [0marg[0m [0;32min[0m [0mzip[0m[0;34m([0m[0msig[0m[0;34m.[0m[0mparameters[0m[0;34m,[0m [0margs[0m[0;34m)[0m[0;34m}[0m[0;34m)[0m[0;34m[0m[0;34m[0m[0m
[0;32m---> 73[0;31m         [0;32mreturn[0m [0mf[0m[0;34m([0m[0;34m**[0m[0mkwargs[0m[0;34m)[0m[0;34m[0m[0;34m[0m[0m
[0m[1;32m     74[0m     [0;32mreturn[0m [0minner_f[0m[0;34m[0m[0;34m[0m[0m
[1;32m     75[0m [0;34m[0m[0m

[0;32m~/anaconda3/lib/python3.8/site-packages/sklearn/metrics/_classification.py[0m in [0;36mf1_score[0;34m(y_true, y_pred, labels, pos_label, average, sample_weight, zero_division)[0m
[1;32m   1042[0m     [0mmodified[0m [0;32mwith[0m[0;31m [0m[0;31m`[0m[0;31m`[0m[0mzero_division[0m[0;31m`[0m[0;31m`[0m[0;34m.[0m[0;34m[0m[0;34m[0m[0m
[1;32m   1043[0m     """
[0;32m-> 1044[0;31m     return fbeta_score(y_true, y_pred, beta=1, labels=labels,
[0m[1;32m   1045[0m                        [0mpos_label[0m[0;34m=[0m[0mpos_label[0m[0;34m,[0m [0maverage[0m[0;34m=[0m[0maverage[0m[0;34m,[0m[0;34m[0m[0;34m[0m[0m
[1;32m   1046[0m                        [0msample_weight[0m[0;34m=[0m[0msample_weight[0m[0;34m,[0m[0;34m[0m[0;34m[0m[0m

[0;32m~/anaconda3/lib/python3.8/site-packages/sklearn/utils/validation.py[0m in [0;36minner_f[0;34m(*args, **kwargs)[0m
[1;32m     71[0m                           FutureWarning)
[1;32m     72[0m         [0mkwargs[0m[0;34m.[0m[0mupdate[0m[0;34m([0m[0;34m{[0m[0mk[0m[0;34m:[0m [0marg[0m [0;32mfor[0m [0mk[0m[0;34m,[0m [0marg[0m [0;32min[0m [0mzip[0m[0;34m([0m[0msig[0m[0;34m.[0m[0mparameters[0m[0;34m,[0m [0margs[0m[0;34m)[0m[0;34m}[0m[0;34m)[0m[0;34m[0m[0;34m[0m[0m
[0;32m---> 73[0;31m         [0;32mreturn[0m [0mf[0m[0;34m([0m[0;34m**[0m[0mkwargs[0m[0;34m)[0m[0;34m[0m[0;34m[0m[0m
[0m[1;32m     74[0m     [0;32mreturn[0m [0minner_f[0m[0;34m[0m[0;34m[0m[0m
[1;32m     75[0m [0;34m[0m[0m

[0;32m~/anaconda3/lib/python3.8/site-packages/sklearn/metrics/_classification.py[0m in [0;36mfbeta_score[0;34m(y_true, y_pred, beta, labels, pos_label, average, sample_weight, zero_division)[0m
[1;32m   1166[0m     """
[1;32m   1167[0m [0;34m[0m[0m
[0;32m-> 1168[0;31m     _, _, f, _ = precision_recall_fscore_support(y_true, y_pred,
[0m[1;32m   1169[0m                                                  [0mbeta[0m[0;34m=[0m[0mbeta[0m[0;34m,[0m[0;34m[0m[0;34m[0m[0m
[1;32m   1170[0m                                                  [0mlabels[0m[0;34m=[0m[0mlabels[0m[0;34m,[0m[0;34m[0m[0;34m[0m[0m

[0;32m~/anaconda3/lib/python3.8/site-packages/sklearn/utils/validation.py[0m in [0;36minner_f[0;34m(*args, **kwargs)[0m
[1;32m     71[0m                           FutureWarning)
[1;32m     72[0m         [0mkwargs[0m[0;34m.[0m[0mupdate[0m[0;34m([0m[0;34m{[0m[0mk[0m[0;34m:[0m [0marg[0m [0;32mfor[0m [0mk[0m[0;34m,[0m [0marg[0m [0;32min[0m [0mzip[0m[0;34m([0m[0msig[0m[0;34m.[0m[0mparameters[0m[0;34m,[0m [0margs[0m[0;34m)[0m[0;34m}[0m[0;34m)[0m[0;34m[0m[0;34m[0m[0m
[0;32m---> 73[0;31m         [0;32mreturn[0m [0mf[0m[0;34m([0m[0;34m**[0m[0mkwargs[0m[0;34m)[0m[0;34m[0m[0;34m[0m[0m
[0m[1;32m     74[0m     [0;32mreturn[0m [0minner_f[0m[0;34m[0m[0;34m[0m[0m
[1;32m     75[0m [0;34m[0m[0m

[0;32m~/anaconda3/lib/python3.8/site-packages/sklearn/metrics/_classification.py[0m in [0;36mprecision_recall_fscore_support[0;34m(y_true, y_pred, beta, labels, pos_label, average, warn_for, sample_weight, zero_division)[0m
[1;32m   1431[0m     [0;32mif[0m [0mbeta[0m [0;34m<[0m [0;36m0[0m[0;34m:[0m[0;34m[0m[0;34m[0m[0m
[1;32m   1432[0m         [0;32mraise[0m [0mValueError[0m[0;34m([0m[0;34m"beta should be >=0 in the F-beta score"[0m[0;34m)[0m[0;34m[0m[0;34m[0m[0m
[0;32m-> 1433[0;31m     labels = _check_set_wise_labels(y_true, y_pred, average, labels,
[0m[1;32m   1434[0m                                     pos_label)
[1;32m   1435[0m [0;34m[0m[0m

[0;32m~/anaconda3/lib/python3.8/site-packages/sklearn/metrics/_classification.py[0m in [0;36m_check_set_wise_labels[0;34m(y_true, y_pred, average, labels, pos_label)[0m
[1;32m   1254[0m             [0;32mif[0m [0mpos_label[0m [0;32mnot[0m [0;32min[0m [0mpresent_labels[0m[0;34m:[0m[0;34m[0m[0;34m[0m[0m
[1;32m   1255[0m                 [0;32mif[0m [0mlen[0m[0;34m([0m[0mpresent_labels[0m[0;34m)[0m [0;34m>=[0m [0;36m2[0m[0;34m:[0m[0;34m[0m[0;34m[0m[0m
[0;32m-> 1256[0;31m                     raise ValueError("pos_label=%r is not a valid label: "
[0m[1;32m   1257[0m                                      "%r" % (pos_label, present_labels))
[1;32m   1258[0m             [0mlabels[0m [0;34m=[0m [0;34m[[0m[0mpos_label[0m[0;34m][0m[0;34m[0m[0;34m[0m[0m

[0;31mValueError[0m: pos_label=0 is not a valid label: array(['0', '1'], dtype='<U1')
ValueError: pos_label=0 is not a valid label: array(['0', '1'], dtype='<U1')

